<?xml version="1.0" encoding="UTF-8"?>
<testng-results ignored="0" total="1" passed="1" failed="0" skipped="0">
  <reporter-output>
  </reporter-output>
  <suite started-at="2024-01-05T17:30:20 IST" name="Default suite" finished-at="2024-01-05T17:33:14 IST" duration-ms="174383">
    <groups>
    </groups>
    <test started-at="2024-01-05T17:30:20 IST" name="Default test" finished-at="2024-01-05T17:33:14 IST" duration-ms="174383">
      <class name="com.openoragehrm.employeeSearchTest">
        <test-method is-config="true" signature="startup()[pri:0, instance:com.openoragehrm.employeeSearchTest@624ea235]" started-at="2024-01-05T17:30:20 IST" name="startup" finished-at="2024-01-05T17:31:10 IST" duration-ms="50240" status="PASS">
          <reporter-output>
          </reporter-output>
        </test-method> <!-- startup -->
        <test-method signature="selectEmployeeFromList()[pri:0, instance:com.openoragehrm.employeeSearchTest@624ea235]" started-at="2024-01-05T17:31:10 IST" name="selectEmployeeFromList" finished-at="2024-01-05T17:33:14 IST" duration-ms="124030" status="PASS">
          <reporter-output>
          </reporter-output>
        </test-method> <!-- selectEmployeeFromList -->
      </class> <!-- com.openoragehrm.employeeSearchTest -->
    </test> <!-- Default test -->
  </suite> <!-- Default suite -->
</testng-results>
